"../../../Engine/Content/Functions/Engine_MaterialFunctions01/Shading/PowerToRoughness.uasset" 0
"../../../Engine/Content/Functions/Engine_MaterialFunctions01/Shading/ConvertFromDiffSpec.uasset" 1
"../../../Engine/Content/EngineMaterials/DefaultDiffuse.uasset" 2
"../../../Engine/Content/EngineMaterials/DefaultDeferredDecalMaterial.uasset" 3
"../../../Engine/Content/EngineMaterials/DefaultLightFunctionMaterial.uasset" 4
"../../../Engine/Content/Functions/Engine_MaterialFunctions02/Utility/BreakOutFloat2Components.uasset" 5
"../../../Engine/Content/EngineMaterials/DefaultPostProcessMaterial.uasset" 6
"../../../Engine/Content/EditorMaterials/Camera/CineMat.uasset" 7
"../../../Engine/Content/EditorMaterials/Camera/MI_CineMat_Rig.uasset" 8
"../../../Engine/Content/EditorMeshes/Camera/SM_CraneRig_Base.uasset" 9
"../../../Engine/Content/EditorMeshes/Camera/SM_CraneRig_Arm.uasset" 10
"../../../Engine/Content/EditorMeshes/Camera/SM_CraneRig_Mount.uasset" 11
"../../../Engine/Content/EditorMeshes/Camera/SM_CraneRig_Body.uasset" 12
"../../../Engine/Content/EditorMeshes/Camera/SM_RailRig_Track.uasset" 13
"../../../Engine/Content/EditorMeshes/Camera/SM_RailRig_Mount.uasset" 14
"../../../Engine/Content/EngineResources/AICON-Red.uasset" 15
"../../../Engine/Content/EngineResources/AICON-Green.uasset" 16
"../../../Engine/Content/EngineFonts/Roboto.uasset" 17
"../../../Engine/Content/EngineResources/DefaultTexture.uasset" 18
"../../../Engine/Content/Functions/Engine_MaterialFunctions01/Texturing/ScaleUVsByCenter.uasset" 19
"../../../Engine/Content/Functions/Engine_MaterialFunctions02/ScreenResolution.uasset" 20
"../../../Engine/Content/Functions/Engine_MaterialFunctions02/Texturing/ScreenAlignedUVs.uasset" 21
"../../../Engine/Content/EngineResources/WhiteSquareTexture.uasset" 22
"../../../Engine/Content/EngineMaterials/Widget3DPassThrough.uasset" 23
"../../../Engine/Content/EngineMaterials/Widget3DPassThrough_Translucent.uasset" 24
"../../../Engine/Content/EngineMaterials/Widget3DPassThrough_Translucent_OneSided.uasset" 25
"../../../Engine/Content/EngineMaterials/Widget3DPassThrough_Opaque.uasset" 26
"../../../Engine/Content/EngineMaterials/Widget3DPassThrough_Opaque_OneSided.uasset" 27
"../../../Engine/Content/EngineMaterials/Widget3DPassThrough_Masked.uasset" 28
"../../../Engine/Content/EngineMaterials/Widget3DPassThrough_Masked_OneSided.uasset" 29
"../../../Engine/Content/EditorResources/S_Actor.uasset" 30
"../../../Engine/Content/EditorMaterials/AssetViewer/EpicQuadPanorama_CC+EV1.uasset" 31
"../../../Engine/Content/EditorResources/RGBTable16x1_AssetViewer.uasset" 32
"../../../Engine/Content/Maps/Templates/Thumbnails/Default.uasset" 33
"../../../Engine/Content/Maps/Templates/Thumbnails/VR-Basic.uasset" 34
"../../../Engine/Content/EditorMaterials/ParticleSystems/PSysThumbnail_NoImage.uasset" 35
"../../../Engine/Content/EditorMaterials/ParticleSystems/PSysThumbnail_OOD.uasset" 36
"../../../Engine/Content/EditorLandscapeResources/DataLayer.uasset" 37
"../../../Engine/Content/EngineDamageTypes/DmgTypeBP_Environmental.uasset" 38
"../../../Engine/Content/EngineMeshes/Sphere.uasset" 39
"../../../Engine/Content/EngineFonts/RobotoDistanceField.uasset" 40
"../../../Engine/Content/EngineMaterials/DefaultTextMaterialOpaque.uasset" 41
"../../../Engine/Content/EditorResources/S_Trigger.uasset" 42
"../../../Engine/Content/EngineResources/GradientTexture0.uasset" 43
"../../../Engine/Content/EngineResources/Black.uasset" 44
"../../../Engine/Content/EditorMaterials/MatineeGroups/MAT_Groups_Float.uasset" 45
"../../../Engine/Content/EditorMaterials/MatineeGroups/MAT_Groups_Director.uasset" 46
"../../../Engine/Content/EditorMaterials/MatineeGroups/MAT_Groups_Event.uasset" 47
"../../../Engine/Content/EditorMaterials/MatineeGroups/MAT_Groups_Anim.uasset" 48
"../../../Engine/Content/EditorMaterials/MatineeGroups/MAT_Groups_Fade.uasset" 49
"../../../Engine/Content/EditorMaterials/MatineeGroups/MAT_Groups_Move.uasset" 50
"../../../Engine/Content/EditorMaterials/MatineeGroups/MAT_Groups_Slomo.uasset" 51
"../../../Engine/Content/EditorMaterials/MatineeGroups/MAT_ColorTrack.uasset" 52
"../../../Engine/Content/EditorMaterials/MAT_Groups_Toggle.uasset" 53
"../../../Engine/Content/EditorMaterials/MatineeGroups/MAT_Groups_AudioMaster.uasset" 54
"../../../Engine/Content/EditorMaterials/MatineeGroups/MAT_Groups_Sound.uasset" 55
"../../../Engine/Content/EditorMaterials/MatineeGroups/MAT_Groups_Vector.uasset" 56
"../../../Engine/Content/EditorMaterials/MAT_Groups_Visibility.uasset" 57
"../../../Engine/Content/EngineResources/DefaultTextureCube.uasset" 58
"../../../Engine/Content/Functions/Engine_MaterialFunctions01/Opacity/CameraDepthFade.uasset" 59
"../../../Engine/Content/EngineMaterials/T_Default_Material_Grid_M.uasset" 60
"../../../Engine/Content/EngineMaterials/T_Default_Material_Grid_N.uasset" 61
"../../../Engine/Content/EngineMaterials/DefaultMaterial.uasset" 62
"../../../Engine/Content/EngineMeshes/Cylinder.uasset" 63
"../../../Engine/Content/EngineTireTypes/DefaultTireType.uasset" 64
"../../../Engine/Content/VREditor/LaserPointer/VR_LaserPower_01.uasset" 65
"../../../Engine/Content/VREditor/TransformGizmo/TransformGizmoMaterial.uasset" 66
"../../../Engine/Content/VREditor/TransformGizmo/TranslucentTransformGizmoMaterial.uasset" 67
"../../../Engine/Content/VREditor/TransformGizmo/UniformScaleHandle.uasset" 68
"../../../Engine/Content/VREditor/TransformGizmo/TranslateHandleLong.uasset" 69
"../../../Engine/Content/VREditor/TransformGizmo/PlaneTranslationHandle.uasset" 70
"../../../Engine/Content/VREditor/TransformGizmo/RotationHandleFull.uasset" 71
"../../../Engine/Content/VREditor/TransformGizmo/StretchingHandle.uasset" 72
"../../../Engine/Content/VREditor/TransformGizmo/BoundingBoxCorner.uasset" 73
"../../../Engine/Content/VREditor/TransformGizmo/BoundingBoxEdge.uasset" 74
"../../../Engine/Content/VREditor/UI/SelectionBarMesh.uasset" 75
"../../../Engine/Content/VREditor/UI/CloseButtonMesh.uasset" 76
"../../../Engine/Content/VREditor/FloatingText/LineMaterial.uasset" 77
"../../../Engine/Content/VREditor/FloatingText/LineSegmentCylinder.uasset" 78
"../../../Engine/Content/VREditor/FloatingText/JointSphere.uasset" 79
"../../../Engine/Content/VREditor/Fonts/VRText_RobotoLarge.uasset" 80
"../../../Engine/Content/VREditor/Fonts/VRTextMaterial.uasset" 81
"../../../Engine/Content/VREditor/Fonts/TranslucentVRTextMaterial.uasset" 82
"../../../Engine/Content/VREditor/TransformGizmo/TranslationHandle.uasset" 83
"../../../Engine/Content/VREditor/TransformGizmo/RotationHandle.uasset" 84
"../../../Engine/Content/VREditor/Devices/Generic/GenericHMDMaterial.uasset" 85
"../../../Engine/Content/VREditor/Devices/Generic/GenericHMD.uasset" 86
"../../../Engine/Content/Functions/Engine_MaterialFunctions01/Gradient/RadialGradient.uasset" 87
"../../../Engine/Content/EditorLandscapeResources/FlattenHeightMat.uasset" 88
"../../../Engine/Content/VREditor/WorldMovementGrid/PlaneMesh.uasset" 89
"../../../Engine/Content/VREditor/WorldMovementGrid/SimpleGrid.uasset" 90
"../../../Engine/Content/VREditor/WorldMovementGrid/GridMaterial.uasset" 91
"../../../Engine/Content/VREditor/LaserPointer/LaserPointerMaterial.uasset" 92
"../../../Engine/Content/VREditor/LaserPointer/LaserPointerMaterialInst.uasset" 93
"../../../Engine/Content/VREditor/LaserPointer/TranslucentLaserPointerMaterialInst.uasset" 94
"../../../Engine/Content/VREditor/LaserPointer/LaserPointerMesh.uasset" 95
"../../../Engine/Content/Functions/Engine_MaterialFunctions01/Density/ExponentialDensity.uasset" 96
"../../../Engine/Content/VREditor/WorldMovementGrid/GridPostProcess.uasset" 97
"../../../Engine/Content/VREditor/Sounds/VR_teleport_Cue.uasset" 98
"../../../Engine/Content/VREditor/Sounds/VR_grab_Cue.uasset" 99
"../../../Engine/Content/Tutorial/BlueprintTutorials/TutorialAssets/Blueprint_64x.uasset" 100
"../../../Engine/Content/Tutorial/ContentIntroCurve.uasset" 101
"../../../Engine/Plugins/2D/Paper2D/Content/PlaceholderTextures/DummySpriteTexture.uasset" 102
"../../../Engine/Plugins/2D/Paper2D/Content/DefaultSpriteMaterial.uasset" 103
"../../../Engine/Plugins/2D/Paper2D/Content/MaskedUnlitSpriteMaterial.uasset" 104
"../../../Engine/Plugins/2D/Paper2D/Content/OpaqueUnlitSpriteMaterial.uasset" 105
"../../../Engine/Plugins/2D/Paper2D/Content/DummySprite.uasset" 106
"../../../Engine/Plugins/2D/Paper2D/Content/DefaultPaperTerrainMaterial.uasset" 107
"../../../ModularDungeon/Content/FirstPerson/Textures/FirstPersonCrosshair.uasset" 108
"../../../Engine/Content/EngineMaterials/RemoveSurfaceMaterial.uasset" 109
"../../../Engine/Content/EngineDebugMaterials/DebugMeshMaterial.uasset" 110
"../../../Engine/Content/EngineMaterials/InvalidLightmapSettings.uasset" 111
"../../../Engine/Content/EngineMaterials/M_InvalidLightmapSettings.uasset" 112
"../../../Engine/Content/EditorMaterials/GizmoMaterial.uasset" 113
"../../../Engine/Content/EngineMaterials/PhAT_JointLimitMaterial.uasset" 114
"../../../Engine/Content/EngineMaterials/Good64x64TilingNoiseHighFreq.uasset" 115
"../../../Engine/Content/EngineMaterials/DefaultBokeh.uasset" 116
"../../../Engine/Content/EngineMaterials/PreintegratedSkinBRDF.uasset" 117
"../../../Engine/Content/EngineMaterials/MiniFont.uasset" 118
"../../../Engine/Content/EngineMaterials/WeightMapPlaceholderTexture.uasset" 119
"../../../Engine/Content/EngineMaterials/DefaultWhiteGrid.uasset" 120
"../../../Engine/Content/EngineMaterials/DefaultPhysicalMaterial.uasset" 121
"../../../Engine/Content/EngineFonts/RobotoTiny.uasset" 122
"../../../Engine/Content/EditorSounds/Notifications/CompileSuccess.uasset" 123
"../../../Engine/Content/EditorSounds/Notifications/CompileStart_Cue.uasset" 124
"../../../Engine/Content/EditorSounds/Notifications/CompileSuccess_Cue.uasset" 125
"../../../Engine/Content/EditorSounds/Notifications/CompileFailed.uasset" 126
"../../../Engine/Content/EditorSounds/Notifications/CompileFailed_Cue.uasset" 127
"../../../Engine/Content/EngineMaterials/WorldGridMaterial.uasset" 128
"../../../Engine/Content/BasicShapes/Cube.uasset" 129
"../../../Engine/Content/BasicShapes/Sphere.uasset" 130
"../../../Engine/Content/BasicShapes/Cylinder.uasset" 131
"../../../Engine/Content/BasicShapes/Cone.uasset" 132
"../../../Engine/Content/EditorResources/BSPVertex.uasset" 133
"../../../Engine/Content/EngineDebugMaterials/GeomMaterial.uasset" 134
"../../../Engine/Content/EngineDebugMaterials/HeatmapGradient.uasset" 135
"../../../Engine/Content/EngineDebugMaterials/BoneWeightMaterial.uasset" 136
"../../../Engine/Content/EditorMaterials/PreviewShadowIndicator.uasset" 137
"../../../Engine/Content/EditorMaterials/PreviewShadowIndicatorMaterial.uasset" 138
"../../../Engine/Content/EngineMaterials/EditorBrushMaterial.uasset" 139
"../../../Engine/Content/MobileResources/HUD/VirtualJoystick_Background.uasset" 140
"../../../Engine/Content/MobileResources/HUD/VirtualJoystick_Thumb.uasset" 141
"../../../Engine/Content/MobileResources/HUD/DefaultVirtualJoysticks.uasset" 142
"../../../Engine/Content/Tutorial/SubEditors/TutorialAssets/icon_Editor_Preferences_General_40x.uasset" 143
"../../../Engine/Content/Tutorial/Paper2D/TutorialAssets/Paper2DSprite_TutorialIcon.uasset" 144
"../../../Engine/Content/Tutorial/SubEditors/TutorialAssets/icon_ShowSkeletalMeshes_40x.uasset" 145
"../../../Engine/Content/Tutorial/Landscape/TutorialAssets/Landscape.uasset" 146
"../../../Engine/Content/Tutorial/Foliage/TutorialAssets/Foliage.uasset" 147
"../../../Engine/Content/Tutorial/Basics/TutorialAssets/icon_tab_Levels_40x.uasset" 148
"../../../Engine/Content/Tutorial/BlueprintTutorials/TutorialAssets/BlueprintMacroLibrary_64x.uasset" 149
"../../../Engine/Content/Tutorial/BlueprintTutorials/TutorialAssets/BlueprintInterface_64x.uasset" 150
"../../../Engine/Content/Tutorial/Paper2D/TutorialAssets/Paper2DFlipbook_TutorialIcon.uasset" 151
"../../../Engine/Content/MobileResources/HUD/T_Castle_ThumbstickInner.uasset" 152
"../../../Engine/Content/MobileResources/HUD/MobileHUDDirectionPad3.uasset" 153
"../../../Engine/Content/MobileResources/HUD/MobileHUDDirectionPad2.uasset" 154
"../../../Engine/Content/EngineMeshes/Cube.uasset" 155
"../../../Engine/Content/Tutorial/BlueprintTutorials/TutorialAssets/Tutorial_BP_Interface.uasset" 156
"../../../Engine/Content/EditorMeshes/EditorCube.uasset" 157
"../../../Engine/Content/Tutorial/SubEditors/TutorialAssets/Tutorial_DM.uasset" 158
"../../../Engine/Content/Tutorial/SubEditors/TutorialAssets/TutorialMaterial.uasset" 159
"../../../Engine/Content/Tutorial/SubEditors/TutorialAssets/T_SmokeSubUV_8X8.uasset" 160
"../../../Engine/Content/Tutorial/SubEditors/TutorialAssets/T_soft_smoke.uasset" 161
"../../../Engine/Content/Tutorial/SubEditors/TutorialAssets/M_smoke_subUV_blackbody.uasset" 162
"../../../Engine/Content/Tutorial/SubEditors/TutorialAssets/TutorialParticleSystem.uasset" 163
"../../../Engine/Content/MobileResources/HUD/MobileHUDButton3.uasset" 164
"../../../Engine/Content/MobileResources/HUD/MobileHUDButton2_on.uasset" 165
"../../../Engine/Content/MobileResources/HUD/MobileHUDButton2_off.uasset" 166
"../../../Engine/Content/MobileResources/HUD/MobileHUDButton1_on.uasset" 167
"../../../Engine/Content/MobileResources/HUD/MobileHUDButton1_off.uasset" 168
"../../../Engine/Content/MobileResources/HUD/LeftVirtualJoystickOnly.uasset" 169
"../../../Engine/Content/MobileResources/HUD/AnalogHat.uasset" 170
"../../../Engine/Content/MobileResources/T_MobileMenu2.uasset" 171
"../../../Engine/Content/MobileResources/T_MobileControls_texture.uasset" 172
"../../../Engine/Content/EditorResources/EmptyActor.uasset" 173
"../../../Engine/Content/EditorResources/AudioIcons/S_AudioComponent_AutoActivate.uasset" 174
"../../../Engine/Content/EditorResources/AudioIcons/S_AudioComponent.uasset" 175
"../../../Engine/Content/EditorResources/LightIcons/S_LightError.uasset" 176
"../../../ModularDungeon/Content/StarterContent/Materials/M_Basic_Wall.uasset" 177
"../../../ModularDungeon/Content/StarterContent/Shapes/Shape_WideCapsule.uasset" 178
"../../../ModularDungeon/Content/StarterContent/Shapes/Shape_Wedge_B.uasset" 179
"../../../ModularDungeon/Content/StarterContent/Shapes/Shape_Wedge_A.uasset" 180
"../../../ModularDungeon/Content/StarterContent/Shapes/Shape_Tube.uasset" 181
"../../../ModularDungeon/Content/StarterContent/Shapes/Shape_TriPyramid.uasset" 182
"../../../ModularDungeon/Content/StarterContent/Shapes/Shape_Trim_90_Out.uasset" 183
"../../../ModularDungeon/Content/StarterContent/Shapes/Shape_Trim_90_In.uasset" 184
"../../../ModularDungeon/Content/StarterContent/Shapes/Shape_Trim.uasset" 185
"../../../ModularDungeon/Content/StarterContent/Shapes/Shape_Plane.uasset" 186
"../../../ModularDungeon/Content/StarterContent/Shapes/Shape_Pipe_90.uasset" 187
"../../../ModularDungeon/Content/StarterContent/Shapes/Shape_Pipe_180.uasset" 188
"../../../ModularDungeon/Content/StarterContent/Shapes/Shape_Pipe.uasset" 189
"../../../ModularDungeon/Content/StarterContent/Shapes/Shape_NarrowCapsule.uasset" 190
"../../../ModularDungeon/Content/StarterContent/Shapes/Shape_Cylinder.uasset" 191
"../../../ModularDungeon/Content/StarterContent/Shapes/Shape_Cone.uasset" 192
"../../../ModularDungeon/Content/StarterContent/Materials/M_Basic_Floor.uasset" 193
"../../../ModularDungeon/Content/StarterContent/Props/SM_Stairs.uasset" 194
"../../../ModularDungeon/Content/StarterContent/Textures/T_Shelf_M.uasset" 195
"../../../ModularDungeon/Content/StarterContent/Textures/T_Shelf_N.uasset" 196
"../../../ModularDungeon/Content/StarterContent/Props/Materials/M_Shelf.uasset" 197
"../../../ModularDungeon/Content/StarterContent/Props/SM_Shelf.uasset" 198
"../../../Engine/Content/Functions/Engine_MaterialFunctions02/Utility/BlendAngleCorrectedNormals.uasset" 199
"../../../ModularDungeon/Content/StarterContent/Textures/T_Detail_Rocky_N.uasset" 200
"../../../ModularDungeon/Content/StarterContent/Textures/T_Rock_Basalt_D.uasset" 201
"../../../ModularDungeon/Content/StarterContent/Textures/T_RockMesh_M.uasset" 202
"../../../ModularDungeon/Content/StarterContent/Textures/T_RockMesh_N.uasset" 203
"../../../ModularDungeon/Content/StarterContent/Props/Materials/M_Rock.uasset" 204
"../../../ModularDungeon/Content/StarterContent/Props/SM_Rock.uasset" 205
"../../../ModularDungeon/Content/StarterContent/Props/Materials/M_MaterialSphere.uasset" 206
"../../../ModularDungeon/Content/StarterContent/Props/Materials/M_MaterialSphere_Plain.uasset" 207
"../../../ModularDungeon/Content/StarterContent/Props/SM_MatPreviewMesh_02.uasset" 208
"../../../ModularDungeon/Content/StarterContent/Materials/M_Glass.uasset" 209
"../../../ModularDungeon/Content/StarterContent/Textures/T_Door_M.uasset" 210
"../../../ModularDungeon/Content/StarterContent/Textures/T_Door_N.uasset" 211
"../../../ModularDungeon/Content/StarterContent/Props/Materials/M_Door.uasset" 212
"../../../ModularDungeon/Content/StarterContent/Props/SM_Door.uasset" 213
"../../../ModularDungeon/Content/StarterContent/Textures/T_Chair_M.uasset" 214
"../../../ModularDungeon/Content/StarterContent/Textures/T_Chair_N.uasset" 215
"../../../ModularDungeon/Content/StarterContent/Props/Materials/M_Chair.uasset" 216
"../../../ModularDungeon/Content/StarterContent/Props/SM_Couch.uasset" 217
"../../../ModularDungeon/Content/StarterContent/Textures/T_Bush_D.uasset" 218
"../../../ModularDungeon/Content/StarterContent/Textures/T_Bush_N.uasset" 219
"../../../ModularDungeon/Content/StarterContent/Props/Materials/M_Bush.uasset" 220
"../../../ModularDungeon/Content/StarterContent/Props/SM_Bush.uasset" 221
"../../../Engine/Content/EditorMeshes/ColorCalibrator/T_ColorGrid.uasset" 222
"../../../ModularDungeon/Content/StarterContent/Materials/M_ColorGrid_LowSpec.uasset" 223
"../../../ModularDungeon/Content/StarterContent/Materials/M_AssetPlatform2.uasset" 224
"../../../ModularDungeon/Content/StarterContent/Audio/Explosion_Cue.uasset" 225
"../../../ModularDungeon/Content/StarterContent/Textures/T_Burst_M.uasset" 226
"../../../ModularDungeon/Content/StarterContent/Particles/Materials/M_Burst.uasset" 227
"../../../ModularDungeon/Content/StarterContent/Textures/T_Explosion_SubUV.uasset" 228
"../../../ModularDungeon/Content/StarterContent/Particles/Materials/M_explosion_subUV.uasset" 229
"../../../ModularDungeon/Content/StarterContent/Particles/Materials/m_flare_01.uasset" 230
"../../../ModularDungeon/Content/StarterContent/Particles/Materials/M_radial_ramp.uasset" 231
"../../../ModularDungeon/Content/StarterContent/Textures/T_Smoke_SubUV.uasset" 232
"../../../ModularDungeon/Content/StarterContent/Textures/T_Smoke_Tiled_D.uasset" 233
"../../../ModularDungeon/Content/StarterContent/Particles/Materials/M_smoke_subUV.uasset" 234
"../../../ModularDungeon/Content/StarterContent/Particles/P_Explosion.uasset" 235
"../../../ModularDungeon/Content/StarterContent/Blueprints/Blueprint_Effect_Explosion.uasset" 236
"../../../ModularDungeon/Content/StarterContent/Audio/Light02_Cue.uasset" 237
"../../../ModularDungeon/Content/StarterContent/Audio/Light01_Cue.uasset" 238
"../../../ModularDungeon/Content/StarterContent/Architecture/Wall_Window_400x400.uasset" 239
"../../../ModularDungeon/Content/StarterContent/Architecture/Wall_Door_400x400.uasset" 240
"../../../ModularDungeon/Content/StarterContent/Architecture/Wall_500x500.uasset" 241
"../../../ModularDungeon/Content/StarterContent/Architecture/Wall_400x400.uasset" 242
"../../../ModularDungeon/Content/StarterContent/Architecture/Wall_400x300.uasset" 243
"../../../ModularDungeon/Content/StarterContent/Architecture/Pillar_50x500.uasset" 244
"../../../ModularDungeon/Content/models/Test01.uasset" 245
"../../../ModularDungeon/Content/materials/RoomLambert.uasset" 246
"../../../ModularDungeon/Content/materials/Projectile.uasset" 247
"../../../ModularDungeon/Content/materials/junctionLambert.uasset" 248
"../../../ModularDungeon/Content/materials/CorridorLambert.uasset" 249
"../../../ModularDungeon/Content/materials/NewMaterialParameterCollection.uasset" 250
"../../../ModularDungeon/Content/materials/ColorChange.uasset" 251
"../../../ModularDungeon/Content/Geometry/Meshes/CubeMaterial.uasset" 252
"../../../ModularDungeon/Content/Geometry/Meshes/TemplateFloor.uasset" 253
"../../../ModularDungeon/Content/Geometry/Meshes/1M_Cube_Chamfer.uasset" 254
"../../../ModularDungeon/Content/FirstPerson/Character/Mesh/SK_Mannequin_Arms_Skeleton.uasset" 255
"../../../ModularDungeon/Content/FirstPerson/Animations/FirstPerson_Idle.uasset" 256
"../../../ModularDungeon/Content/FirstPerson/Animations/FirstPerson_JumpEnd.uasset" 257
"../../../ModularDungeon/Content/FirstPerson/Animations/FirstPerson_JumpLoop.uasset" 258
"../../../ModularDungeon/Content/FirstPerson/Animations/FirstPerson_JumpStart.uasset" 259
"../../../ModularDungeon/Content/FirstPerson/Animations/FirstPerson_Run.uasset" 260
"../../../Engine/Content/EditorBlueprintResources/StandardMacros.uasset" 261
"../../../ModularDungeon/Content/FirstPerson/Animations/FirstPerson_AnimBP.uasset" 262
"../../../ModularDungeon/Content/FirstPerson/Animations/FirstPerson_Fire.uasset" 263
"../../../ModularDungeon/Content/FirstPerson/Animations/FirstPersonFire_Montage.uasset" 264
"../../../ModularDungeon/Content/StarterContent/Textures/T_Perlin_Noise_M.uasset" 265
"../../../ModularDungeon/Content/StarterContent/Textures/T_Water_M.uasset" 266
"../../../ModularDungeon/Content/StarterContent/Textures/T_Water_N.uasset" 267
"../../../ModularDungeon/Content/StarterContent/Materials/M_Water_Ocean.uasset" 268
"../../../ModularDungeon/Content/FirstPerson/Meshes/BaseMaterial.uasset" 269
"../../../ModularDungeon/Content/FirstPerson/Meshes/FirstPersonProjectileMaterial.uasset" 270
"../../../ModularDungeon/Content/FirstPerson/Meshes/FirstPersonProjectileMesh.uasset" 271
"../../../ModularDungeon/Content/FirstPersonCPP/Blueprints/FirstPersonProjectile.uasset" 272
"../../../ModularDungeon/Content/FirstPersonCPP/Blueprints/HealthBar.uasset" 273
"../../../ModularDungeon/Content/FirstPerson/Audio/FirstPersonTemplateWeaponFire02.uasset" 274
"../../../Engine/Content/Functions/MaterialLayerFunctions/MatLayerBlend_NormalBlend.uasset" 275
"../../../Engine/Content/Functions/MaterialLayerFunctions/MatLayerBlend_Simple.uasset" 276
"../../../ModularDungeon/Content/FirstPerson/Character/Materials/MaterialLayers/T_ML_Rubber_Blue_01_D.uasset" 277
"../../../ModularDungeon/Content/FirstPerson/Character/Materials/MaterialLayers/T_ML_Rubber_Blue_01_N.uasset" 278
"../../../ModularDungeon/Content/FirstPerson/Character/Materials/MaterialLayers/ML_GlossyBlack_Latex_UE4.uasset" 279
"../../../ModularDungeon/Content/FirstPerson/Character/Materials/MaterialLayers/ML_Plastic_Shiny_Beige.uasset" 280
"../../../ModularDungeon/Content/FirstPerson/Character/Textures/UE4_LOGO_CARD.uasset" 281
"../../../ModularDungeon/Content/FirstPerson/Character/Materials/MaterialLayers/ML_Plastic_Shiny_Beige_LOGO.uasset" 282
"../../../ModularDungeon/Content/FirstPerson/Character/Materials/MaterialLayers/T_ML_Aluminum01.uasset" 283
"../../../ModularDungeon/Content/FirstPerson/Character/Materials/MaterialLayers/T_ML_Aluminum01_N.uasset" 284
"../../../ModularDungeon/Content/FirstPerson/Character/Materials/MaterialLayers/ML_SoftMetal_UE4.uasset" 285
"../../../ModularDungeon/Content/FirstPerson/Character/Textures/UE4_Mannequin__normals.uasset" 286
"../../../ModularDungeon/Content/FirstPerson/Character/Textures/UE4_Mannequin_MAT_MASKA.uasset" 287
"../../../ModularDungeon/Content/FirstPerson/Character/Materials/M_UE4Man_Body.uasset" 288
"../../../ModularDungeon/Content/FirstPerson/Character/Mesh/SK_Mannequin_Arms_PhysicsAsset.uasset" 289
"../../../ModularDungeon/Content/FirstPerson/Character/Mesh/SK_Mannequin_Arms.uasset" 290
"../../../ModularDungeon/Content/FirstPerson/FPWeapon/Materials/MaterialLayers/T_ML_Rubber_Blue_01_D.uasset" 291
"../../../ModularDungeon/Content/FirstPerson/FPWeapon/Materials/MaterialLayers/T_ML_Rubber_Blue_01_N.uasset" 292
"../../../ModularDungeon/Content/FirstPerson/FPWeapon/Materials/MaterialLayers/ML_GlossyBlack_Latex_UE4.uasset" 293
"../../../ModularDungeon/Content/FirstPerson/FPWeapon/Materials/MaterialLayers/ML_Plastic_Shiny_Beige.uasset" 294
"../../../ModularDungeon/Content/FirstPerson/FPWeapon/Materials/MaterialLayers/ML_Screen.uasset" 295
"../../../ModularDungeon/Content/FirstPerson/FPWeapon/Materials/MaterialLayers/T_ML_Aluminum01.uasset" 296
"../../../ModularDungeon/Content/FirstPerson/FPWeapon/Materials/MaterialLayers/T_ML_Aluminum01_N.uasset" 297
"../../../ModularDungeon/Content/FirstPerson/FPWeapon/Materials/MaterialLayers/ML_SoftMetal_UE4.uasset" 298
"../../../ModularDungeon/Content/FirstPerson/FPWeapon/Textures/T_FPGun_M.uasset" 299
"../../../ModularDungeon/Content/FirstPerson/FPWeapon/Textures/T_FPGun_N.uasset" 300
"../../../ModularDungeon/Content/FirstPerson/FPWeapon/Materials/M_FPGun.uasset" 301
"../../../ModularDungeon/Content/FirstPerson/FPWeapon/Mesh/SK_FPGun_Skeleton.uasset" 302
"../../../ModularDungeon/Content/FirstPerson/FPWeapon/Mesh/SK_FPGun.uasset" 303
"../../../ModularDungeon/Content/FirstPersonCPP/Blueprints/FirstPersonCharacter.uasset" 304
"../../../ModularDungeon/Content/FirstPersonCPP/Blueprints/MeinGameMode.uasset" 305
"../../../ModularDungeon/Content/FirstPerson/FPWeapon/Mesh/SK_FPGun_PhysicsAsset.uasset" 306
"../../../ModularDungeon/Content/FirstPerson/FPWeapon/Materials/MaterialLayers/T_ML_FineRubber.uasset" 307
"../../../ModularDungeon/Content/FirstPerson/FPWeapon/Materials/MaterialLayers/ML_Plastic_Shiny_Beige_LOGO.uasset" 308
"../../../ModularDungeon/Content/FirstPerson/Audio/Laser_shot_49603331_-_matiasmac-sd.uasset" 309
"../../../Engine/Content/MobileResources/HUD/MobileHUDDirectionStick.uasset" 310
"../../../Engine/Content/MobileResources/HUD/T_Castle_ThumbstickOutter.uasset" 311
"../../../Engine/Content/MobileResources/HUD/MobileHUDDirectionPad.uasset" 312
"../../../Engine/Content/MobileResources/HUD/MobileHUDButtonFire.uasset" 313
"../../../Engine/Content/EngineMaterials/DefaultNormal.uasset" 314
"../../../Engine/Content/Maps/Entry.umap" 315
"../../../ModularDungeon/Content/StarterContent/Audio/Fire01_Cue.uasset" 316
"../../../ModularDungeon/Content/StarterContent/Textures/T_Fire_SubUV.uasset" 317
"../../../ModularDungeon/Content/StarterContent/Textures/T_Fire_Tiled_D.uasset" 318
"../../../ModularDungeon/Content/StarterContent/Particles/Materials/M_Fire_SubUV.uasset" 319
"../../../ModularDungeon/Content/StarterContent/Particles/Materials/M_Heat_Distortion.uasset" 320
"../../../ModularDungeon/Content/StarterContent/Particles/Materials/M_Radial_Gradient.uasset" 321
"../../../ModularDungeon/Content/StarterContent/Particles/P_Fire.uasset" 322
"../../../ModularDungeon/Content/StarterContent/Blueprints/Blueprint_Effect_Fire.uasset" 323
"../../../ModularDungeon/Content/StarterContent/Audio/Smoke01_Cue.uasset" 324
"../../../ModularDungeon/Content/StarterContent/Particles/P_Smoke.uasset" 325
"../../../ModularDungeon/Content/StarterContent/Blueprints/Blueprint_Effect_Smoke.uasset" 326
"../../../ModularDungeon/Content/StarterContent/Audio/Fire_Sparks01_Cue.uasset" 327
"../../../ModularDungeon/Content/StarterContent/Textures/T_Spark_Core.uasset" 328
"../../../ModularDungeon/Content/StarterContent/Particles/Materials/M_Spark.uasset" 329
"../../../ModularDungeon/Content/StarterContent/Particles/P_Sparks.uasset" 330
"../../../ModularDungeon/Content/StarterContent/Blueprints/Blueprint_Effect_Sparks.uasset" 331
"../../../ModularDungeon/Content/StarterContent/Audio/Steam01_Cue.uasset" 332
"../../../ModularDungeon/Content/StarterContent/Particles/P_Steam_Lit.uasset" 333
"../../../ModularDungeon/Content/StarterContent/Blueprints/Blueprint_Effect_Steam.uasset" 334
"../../../Engine/Content/EngineSky/C_Sky_Cloud_Color.uasset" 335
"../../../Engine/Content/EngineSky/C_Sky_Horizon_Color.uasset" 336
"../../../Engine/Content/EngineSky/C_Sky_Zenith_Color.uasset" 337
"../../../Engine/Content/EngineSky/T_Sky_Blue.uasset" 338
"../../../Engine/Content/EngineSky/T_Sky_Clouds_M.uasset" 339
"../../../Engine/Content/EngineSky/T_Sky_Stars.uasset" 340
"../../../Engine/Content/EngineSky/M_Sky_Panning_Clouds2.uasset" 341
"../../../Engine/Content/EngineSky/SM_SkySphere.uasset" 342
"../../../Engine/Content/EngineSky/BP_Sky_Sphere.uasset" 343
"../../../ModularDungeon/Content/StarterContent/Textures/T_Lamp_M.uasset" 344
"../../../ModularDungeon/Content/StarterContent/Textures/T_Lamp_N.uasset" 345
"../../../ModularDungeon/Content/StarterContent/Props/Materials/M_Lamp.uasset" 346
"../../../ModularDungeon/Content/StarterContent/Props/SM_Lamp_Ceiling.uasset" 347
"../../../ModularDungeon/Content/StarterContent/Blueprints/Blueprint_CeilingLight.uasset" 348
"../../../ModularDungeon/Content/StarterContent/Props/SM_Lamp_Wall.uasset" 349
"../../../ModularDungeon/Content/StarterContent/Blueprints/Blueprint_WallSconce.uasset" 350
"../../../Engine/Content/Functions/Engine_MaterialFunctions03/Procedurals/ComputeFilterWidth.uasset" 351
"../../../Engine/Content/EngineMaterials/AntiAliasedTextMaterialTranslucent.uasset" 352
"../../../ModularDungeon/Content/StarterContent/Textures/T_Brick_Clay_Beveled_D.uasset" 353
"../../../ModularDungeon/Content/StarterContent/Textures/T_Brick_Clay_Beveled_M.uasset" 354
"../../../ModularDungeon/Content/StarterContent/Textures/T_Brick_Clay_Beveled_N.uasset" 355
"../../../ModularDungeon/Content/StarterContent/Textures/T_MacroVariation.uasset" 356
"../../../ModularDungeon/Content/StarterContent/Materials/M_Brick_Clay_Beveled.uasset" 357
"../../../ModularDungeon/Content/StarterContent/Textures/T_Brick_Clay_New_D.uasset" 358
"../../../ModularDungeon/Content/StarterContent/Textures/T_Brick_Clay_New_M.uasset" 359
"../../../ModularDungeon/Content/StarterContent/Textures/T_Brick_Clay_New_N.uasset" 360
"../../../ModularDungeon/Content/StarterContent/Materials/M_Brick_Clay_New.uasset" 361
"../../../ModularDungeon/Content/StarterContent/Textures/T_Brick_Clay_Old_D.uasset" 362
"../../../ModularDungeon/Content/StarterContent/Textures/T_Brick_Clay_Old_N.uasset" 363
"../../../ModularDungeon/Content/StarterContent/Materials/M_Brick_Clay_Old.uasset" 364
"../../../ModularDungeon/Content/StarterContent/Textures/T_Brick_Cut_Stone_D.uasset" 365
"../../../ModularDungeon/Content/StarterContent/Textures/T_Brick_Cut_Stone_N.uasset" 366
"../../../ModularDungeon/Content/StarterContent/Materials/M_Brick_Cut_Stone.uasset" 367
"../../../ModularDungeon/Content/StarterContent/Textures/T_Brick_Hewn_Stone_D.uasset" 368
"../../../ModularDungeon/Content/StarterContent/Textures/T_Brick_Hewn_Stone_M.uasset" 369
"../../../ModularDungeon/Content/StarterContent/Textures/T_Brick_Hewn_Stone_N.uasset" 370
"../../../ModularDungeon/Content/StarterContent/Materials/M_Brick_Hewn_Stone.uasset" 371
"../../../ModularDungeon/Content/StarterContent/Textures/T_Ceramic_Tile_M.uasset" 372
"../../../ModularDungeon/Content/StarterContent/Textures/T_Ceramic_Tile_N.uasset" 373
"../../../ModularDungeon/Content/StarterContent/Textures/T_Rock_Marble_Polished_D.uasset" 374
"../../../ModularDungeon/Content/StarterContent/Materials/M_Ceramic_Tile_Checker.uasset" 375
"../../../ModularDungeon/Content/StarterContent/Textures/T_CobbleStone_Pebble_D.uasset" 376
"../../../ModularDungeon/Content/StarterContent/Textures/T_CobbleStone_Pebble_M.uasset" 377
"../../../ModularDungeon/Content/StarterContent/Textures/T_CobbleStone_Pebble_N.uasset" 378
"../../../ModularDungeon/Content/StarterContent/Materials/M_CobbleStone_Pebble.uasset" 379
"../../../ModularDungeon/Content/StarterContent/Textures/T_CobbleStone_Rough_D.uasset" 380
"../../../ModularDungeon/Content/StarterContent/Textures/T_CobbleStone_Rough_N.uasset" 381
"../../../ModularDungeon/Content/StarterContent/Textures/T_Gradinet_01.uasset" 382
"../../../ModularDungeon/Content/StarterContent/Textures/T_Rock_Smooth_Granite_D.uasset" 383
"../../../ModularDungeon/Content/StarterContent/Materials/M_CobbleStone_Rough.uasset" 384
"../../../ModularDungeon/Content/StarterContent/Textures/T_CobbleStone_Smooth_D.uasset" 385
"../../../ModularDungeon/Content/StarterContent/Textures/T_CobbleStone_Smooth_M.uasset" 386
"../../../ModularDungeon/Content/StarterContent/Textures/T_CobbleStone_Smooth_N.uasset" 387
"../../../ModularDungeon/Content/StarterContent/Materials/M_CobbleStone_Smooth.uasset" 388
"../../../ModularDungeon/Content/StarterContent/Textures/T_Concrete_Grime_D.uasset" 389
"../../../ModularDungeon/Content/StarterContent/Textures/T_Metal_Rust_N.uasset" 390
"../../../ModularDungeon/Content/StarterContent/Materials/M_Concrete_Grime.uasset" 391
"../../../ModularDungeon/Content/StarterContent/Textures/T_Concrete_Panels_D.uasset" 392
"../../../ModularDungeon/Content/StarterContent/Textures/T_Concrete_Panels_N.uasset" 393
"../../../ModularDungeon/Content/StarterContent/Materials/M_Concrete_Panels.uasset" 394
"../../../ModularDungeon/Content/StarterContent/Textures/T_Concrete_Poured_D.uasset" 395
"../../../ModularDungeon/Content/StarterContent/Textures/T_Concrete_Poured_N.uasset" 396
"../../../ModularDungeon/Content/StarterContent/Materials/M_Concrete_Poured.uasset" 397
"../../../ModularDungeon/Content/StarterContent/Textures/T_Concrete_Tiles_D.uasset" 398
"../../../ModularDungeon/Content/StarterContent/Textures/T_Concrete_Tiles_M.uasset" 399
"../../../ModularDungeon/Content/StarterContent/Textures/T_Concrete_Tiles_N.uasset" 400
"../../../ModularDungeon/Content/StarterContent/Textures/T_Concrete_Tiles_Variation_M.uasset" 401
"../../../ModularDungeon/Content/StarterContent/Materials/M_Concrete_Tiles.uasset" 402
"../../../ModularDungeon/Content/StarterContent/Textures/T_Ground_Grass_D.uasset" 403
"../../../ModularDungeon/Content/StarterContent/Textures/T_Ground_Grass_N.uasset" 404
"../../../ModularDungeon/Content/StarterContent/Materials/M_Ground_Grass.uasset" 405
"../../../ModularDungeon/Content/StarterContent/Textures/T_Ground_Gravel_D.uasset" 406
"../../../ModularDungeon/Content/StarterContent/Textures/T_Ground_Gravel_N.uasset" 407
"../../../ModularDungeon/Content/StarterContent/Materials/M_Ground_Gravel.uasset" 408
"../../../ModularDungeon/Content/StarterContent/Textures/T_ground_Moss_D.uasset" 409
"../../../ModularDungeon/Content/StarterContent/Textures/T_Ground_Moss_N.uasset" 410
"../../../ModularDungeon/Content/StarterContent/Materials/M_Ground_Moss.uasset" 411
"../../../ModularDungeon/Content/StarterContent/Materials/M_Metal_Brushed_Nickel.uasset" 412
"../../../ModularDungeon/Content/StarterContent/Textures/T_Metal_Aluminum_D.uasset" 413
"../../../ModularDungeon/Content/StarterContent/Textures/T_Metal_Gold_N.uasset" 414
"../../../ModularDungeon/Content/StarterContent/Materials/M_Metal_Burnished_Steel.uasset" 415
"../../../ModularDungeon/Content/StarterContent/Materials/M_Metal_Chrome.uasset" 416
"../../../ModularDungeon/Content/StarterContent/Textures/T_Metal_Copper_D.uasset" 417
"../../../ModularDungeon/Content/StarterContent/Materials/M_Metal_Copper.uasset" 418
"../../../ModularDungeon/Content/StarterContent/Textures/T_Metal_Gold_D.uasset" 419
"../../../ModularDungeon/Content/StarterContent/Materials/M_Metal_Gold.uasset" 420
"../../../ModularDungeon/Content/StarterContent/Textures/T_Metal_Rust_D.uasset" 421
"../../../ModularDungeon/Content/StarterContent/Materials/M_Metal_Rust.uasset" 422
"../../../ModularDungeon/Content/StarterContent/Textures/T_Metal_Steel_D.uasset" 423
"../../../ModularDungeon/Content/StarterContent/Textures/T_Metal_Steel_N.uasset" 424
"../../../ModularDungeon/Content/StarterContent/Materials/M_Metal_Steel.uasset" 425
"../../../ModularDungeon/Content/StarterContent/Textures/T_Rock_Basalt_N.uasset" 426
"../../../ModularDungeon/Content/StarterContent/Materials/M_Rock_Basalt.uasset" 427
"../../../ModularDungeon/Content/StarterContent/Materials/M_Rock_Marble_Polished.uasset" 428
"../../../ModularDungeon/Content/StarterContent/Textures/T_Rock_Sandstone_D.uasset" 429
"../../../ModularDungeon/Content/StarterContent/Textures/T_Rock_Sandstone_N.uasset" 430
"../../../ModularDungeon/Content/StarterContent/Materials/M_Rock_Sandstone.uasset" 431
"../../../ModularDungeon/Content/StarterContent/Textures/T_Rock_Slate_D.uasset" 432
"../../../ModularDungeon/Content/StarterContent/Textures/T_Rock_Slate_N.uasset" 433
"../../../ModularDungeon/Content/StarterContent/Materials/M_Rock_Slate.uasset" 434
"../../../ModularDungeon/Content/StarterContent/Textures/T_Checker_Noise_M.uasset" 435
"../../../ModularDungeon/Content/StarterContent/Textures/T_Single_Tile_N.uasset" 436
"../../../ModularDungeon/Content/StarterContent/Textures/T_Tech_Dot_M.uasset" 437
"../../../ModularDungeon/Content/StarterContent/Textures/T_Tech_Dot_N.uasset" 438
"../../../ModularDungeon/Content/StarterContent/Materials/M_Tech_Checker_Dot.uasset" 439
"../../../ModularDungeon/Content/StarterContent/Textures/T_Tech_Hex_Tile_M.uasset" 440
"../../../ModularDungeon/Content/StarterContent/Textures/T_Tech_Hex_Tile_N.uasset" 441
"../../../ModularDungeon/Content/StarterContent/Materials/M_Tech_Hex_Tile.uasset" 442
"../../../ModularDungeon/Content/StarterContent/Materials/M_Tech_Hex_Tile_Pulse.uasset" 443
"../../../ModularDungeon/Content/StarterContent/Textures/T_Tech_Panel_M.uasset" 444
"../../../ModularDungeon/Content/StarterContent/Textures/T_Tech_Panel_N.uasset" 445
"../../../ModularDungeon/Content/StarterContent/Materials/M_Tech_Panel.uasset" 446
"../../../ModularDungeon/Content/StarterContent/Materials/M_Water_Lake.uasset" 447
"../../../ModularDungeon/Content/StarterContent/Textures/T_Wood_Floor_Walnut_D.uasset" 448
"../../../ModularDungeon/Content/StarterContent/Textures/T_Wood_Floor_Walnut_M.uasset" 449
"../../../ModularDungeon/Content/StarterContent/Textures/T_Wood_Floor_Walnut_N.uasset" 450
"../../../ModularDungeon/Content/StarterContent/Materials/M_Wood_Floor_Walnut_Polished.uasset" 451
"../../../Engine/Content/Functions/Engine_MaterialFunctions01/Opacity/AlphaOffset.uasset" 452
"../../../ModularDungeon/Content/StarterContent/Materials/M_Wood_Floor_Walnut_Worn.uasset" 453
"../../../ModularDungeon/Content/StarterContent/Textures/T_Wood_Oak_D.uasset" 454
"../../../ModularDungeon/Content/StarterContent/Textures/T_Wood_Oak_N.uasset" 455
"../../../ModularDungeon/Content/StarterContent/Materials/M_Wood_Oak.uasset" 456
"../../../ModularDungeon/Content/StarterContent/Textures/T_Wood_Pine_D.uasset" 457
"../../../ModularDungeon/Content/StarterContent/Textures/T_Wood_Pine_N.uasset" 458
"../../../ModularDungeon/Content/StarterContent/Materials/M_Wood_Pine.uasset" 459
"../../../ModularDungeon/Content/StarterContent/Textures/T_Wood_Walnut_D.uasset" 460
"../../../ModularDungeon/Content/StarterContent/Textures/T_Wood_Walnut_N.uasset" 461
"../../../ModularDungeon/Content/StarterContent/Materials/M_Wood_Walnut.uasset" 462
"../../../ModularDungeon/Content/StarterContent/Architecture/Floor_400x400.uasset" 463
"../../../ModularDungeon/Content/StarterContent/Architecture/Wall_400x200.uasset" 464
"../../../ModularDungeon/Content/StarterContent/Architecture/Wall_Door_400x300.uasset" 465
"../../../ModularDungeon/Content/StarterContent/Architecture/Wall_Window_400x300.uasset" 466
"../../../ModularDungeon/Content/StarterContent/Audio/Collapse_Cue.uasset" 467
"../../../ModularDungeon/Content/StarterContent/Audio/Starter_Background_Cue.uasset" 468
"../../../ModularDungeon/Content/StarterContent/Audio/Starter_Music_Cue.uasset" 469
"../../../ModularDungeon/Content/StarterContent/Textures/T_Dust_Particle_D.uasset" 470
"../../../ModularDungeon/Content/StarterContent/Particles/Materials/M_Dust_Particle.uasset" 471
"../../../ModularDungeon/Content/StarterContent/Particles/P_Ambient_Dust.uasset" 472
"../../../ModularDungeon/Content/StarterContent/Props/MaterialSphere.uasset" 473
"../../../ModularDungeon/Content/StarterContent/Props/SM_Chair.uasset" 474
"../../../ModularDungeon/Content/StarterContent/Textures/T_Frame_M.uasset" 475
"../../../ModularDungeon/Content/StarterContent/Textures/T_Frame_N.uasset" 476
"../../../ModularDungeon/Content/StarterContent/Props/Materials/M_Frame.uasset" 477
"../../../ModularDungeon/Content/StarterContent/Props/SM_CornerFrame.uasset" 478
"../../../ModularDungeon/Content/StarterContent/Props/SM_DoorFrame.uasset" 479
"../../../ModularDungeon/Content/StarterContent/Props/SM_GlassWindow.uasset" 480
"../../../ModularDungeon/Content/StarterContent/Props/SM_PillarFrame.uasset" 481
"../../../ModularDungeon/Content/StarterContent/Props/SM_PillarFrame300.uasset" 482
"../../../ModularDungeon/Content/StarterContent/Textures/T_Statue_M.uasset" 483
"../../../ModularDungeon/Content/StarterContent/Textures/T_Statue_N.uasset" 484
"../../../ModularDungeon/Content/StarterContent/Props/Materials/M_Statue.uasset" 485
"../../../ModularDungeon/Content/StarterContent/Props/Materials/M_StatueGlass.uasset" 486
"../../../ModularDungeon/Content/StarterContent/Props/SM_Statue.uasset" 487
"../../../ModularDungeon/Content/StarterContent/Textures/T_TableRound_M.uasset" 488
"../../../ModularDungeon/Content/StarterContent/Textures/T_TableRound_N.uasset" 489
"../../../ModularDungeon/Content/StarterContent/Props/Materials/M_TableRound.uasset" 490
"../../../ModularDungeon/Content/StarterContent/Props/SM_TableRound.uasset" 491
"../../../ModularDungeon/Content/StarterContent/Props/SM_WindowFrame.uasset" 492
"../../../ModularDungeon/Content/StarterContent/Shapes/Shape_Cube.uasset" 493
"../../../ModularDungeon/Content/StarterContent/Shapes/Shape_QuadPyramid.uasset" 494
"../../../ModularDungeon/Content/StarterContent/Shapes/Shape_Sphere.uasset" 495
"../../../ModularDungeon/Content/StarterContent/Maps/StarterMap.umap" 496
"../../../ModularDungeon/Content/StarterContent/Maps/Minimal_Default.umap" 497
"../../../ModularDungeon/Content/FirstPerson/Meshes/CubeMaterialOverride.uasset" 498
"../../../ModularDungeon/Content/Geometry/Meshes/1M_Cube.uasset" 499
"../../../ModularDungeon/Content/FirstPersonCPP/Maps/FirstPersonExampleMap.umap" 500
"../../../ModularDungeon/Content/models/room2.uasset" 501
"../../../ModularDungeon/Content/NewWorld.umap" 502
"../../../ModularDungeon/Content/blueprints/BP_ModCon.uasset" 503
"../../../ModularDungeon/Content/models/corr1.uasset" 504
"../../../ModularDungeon/Content/blueprints/BP_Module_corr1.uasset" 505
"../../../ModularDungeon/Content/StarterContent/M_AssetPlatform2.uasset" 506
"../../../ModularDungeon/Content/models/2-way-room-ver4.uasset" 507
"../../../ModularDungeon/Content/models/corr2.uasset" 508
"../../../ModularDungeon/Content/blueprints/BP_Module_corr2.uasset" 509
"../../../ModularDungeon/Content/models/junc1.uasset" 510
"../../../ModularDungeon/Content/blueprints/BP_Module_junc1.uasset" 511
"../../../ModularDungeon/Content/models/4-way-room-ver6.uasset" 512
"../../../ModularDungeon/Content/models/junc2.uasset" 513
"../../../ModularDungeon/Content/blueprints/BP_Module_junc2.uasset" 514
"../../../ModularDungeon/Content/PickupItems/M_Water_Ocean.uasset" 515
"../../../ModularDungeon/Content/StarterContent/Shapes/Shape_Torus.uasset" 516
"../../../ModularDungeon/Content/PickupItems/BP_AddVelocity.uasset" 517
"../../../ModularDungeon/Content/models/room1.uasset" 518
"../../../ModularDungeon/Content/models/Test02.uasset" 519
"../../../ModularDungeon/Content/blueprints/BP_Module_room1.uasset" 520
"../../../ModularDungeon/Content/blueprints/BP_Module_room2.uasset" 521
"../../../ModularDungeon/Content/blueprints/BP_Module_testroom.uasset" 522
"../../../ModularDungeon/Content/blueprints/BP_DungeonController.uasset" 523
"../../../ModularDungeon/Content/blueprints/MainMenu/IngameMenu/IngameMenu.uasset" 524
"../../../ModularDungeon/Content/Dungeon.umap" 525
"../../../ModularDungeon/Content/StarterContent/Blueprints/Assets/FogBrightnessLUT.uasset" 526
"../../../ModularDungeon/Content/StarterContent/Blueprints/Assets/SunlightColorLUT.uasset" 527
"../../../ModularDungeon/Content/StarterContent/Blueprints/Assets/M_LightStage_Arrows.uasset" 528
"../../../Engine/Content/MapTemplates/Sky/DaylightAmbientCubemap.uasset" 529
"../../../ModularDungeon/Content/StarterContent/Blueprints/Assets/M_LightStage_Skybox_Master.uasset" 530
"../../../ModularDungeon/Content/StarterContent/Blueprints/Assets/M_LightStage_Skybox_Black.uasset" 531
"../../../ModularDungeon/Content/StarterContent/Blueprints/Assets/M_LightStage_Skybox_HDRI.uasset" 532
"../../../Engine/Content/EditorMaterials/Thumbnails/SkySphereMaterial.uasset" 533
"../../../ModularDungeon/Content/StarterContent/Blueprints/Assets/Skybox.uasset" 534
"../../../ModularDungeon/Content/StarterContent/Blueprints/Assets/SM_Arrows.uasset" 535
"../../../ModularDungeon/Content/StarterContent/HDRI/HDRI_Epic_Courtyard_Daylight.uasset" 536
"../../../ModularDungeon/Content/StarterContent/Blueprints/BP_LightStudio.uasset" 537
"../../../ModularDungeon/Content/StarterContent/Materials/M_AssetPlatform.uasset" 538
"../../../Engine/Content/EditorMeshes/ColorCalibrator/M_ChromeBall.uasset" 539
"../../../Engine/Content/EditorMeshes/ColorCalibrator/M_ClearCoat.uasset" 540
"../../../Engine/Content/EditorMeshes/ColorCalibrator/M_ClearCoatBlack.uasset" 541
"../../../Engine/Content/EditorMeshes/ColorCalibrator/M_ColorGrid.uasset" 542
"../../../Engine/Content/EditorMeshes/ColorCalibrator/M_GreyBall.uasset" 543
"../../../Engine/Content/EditorMeshes/ColorCalibrator/SM_ColorCalibrator.uasset" 544
"../../../ModularDungeon/Content/StarterContent/Architecture/SM_AssetPlatform.uasset" 545
"../../../ModularDungeon/Content/StarterContent/Maps/Advanced_Lighting.umap" 546
"../../../ModularDungeon/Content/blueprints/MainMenu/MainMenuGameMode.uasset" 547
"../../../ModularDungeon/Content/blueprints/MainMenu/GameInfo/SB_GameInstance.uasset" 548
"../../../ModularDungeon/Content/blueprints/MainMenu/Multiplayer/MP_FindButton.uasset" 549
"../../../ModularDungeon/Content/blueprints/MainMenu/Multiplayer/MP_ServerBrowser.uasset" 550
"../../../ModularDungeon/Content/blueprints/MainMenu/Multiplayer/MP_HostGame.uasset" 551
"../../../ModularDungeon/Content/blueprints/MainMenu/MP_Menu.uasset" 552
"../../../ModularDungeon/Content/blueprints/MainMenu/Mainmenu_W.uasset" 553
"../../../ModularDungeon/Content/MainMenuLevel.umap" 554
